<?xml version="1.0" encoding="UTF-8"?>
<!-- Generated by org.testng.reporters.JUnitReportReporter -->
<testsuite skipped="0" hostname="ssreemani" name="com.training.sanity.tests.ELTC_007_addcourse" tests="1" failures="0" timestamp="28 Jun 2019 10:39:02 GMT" time="21.763" errors="0">
  <testcase name="addcourse" time="21.763" classname="com.training.sanity.tests.ELTC_007_addcourse"/>
</testsuite> <!-- com.training.sanity.tests.ELTC_007_addcourse -->
