<?xml version="1.0" encoding="UTF-8"?>
<!-- Generated by org.testng.reporters.JUnitReportReporter -->
<testsuite skipped="0" hostname="ssreemani" name="com.training.sanity.tests.ELTC_036_review_test" tests="1" failures="0" timestamp="05 Jul 2019 10:32:50 GMT" time="31.464" errors="0">
  <testcase name="Review_Test" time="31.464" classname="com.training.sanity.tests.ELTC_036_review_test"/>
</testsuite> <!-- com.training.sanity.tests.ELTC_036_review_test -->
