<?xml version="1.0" encoding="UTF-8"?>
<!-- Generated by org.testng.reporters.JUnitReportReporter -->
<testsuite skipped="0" hostname="ssreemani" name="com.training.sanity.tests.ELTC_037_Review_Reporting" tests="1" failures="0" timestamp="05 Jul 2019 10:45:09 GMT" time="36.654" errors="0">
  <testcase name="ReviewReport" time="36.654" classname="com.training.sanity.tests.ELTC_037_Review_Reporting"/>
</testsuite> <!-- com.training.sanity.tests.ELTC_037_Review_Reporting -->
