<?xml version="1.0" encoding="UTF-8"?>
<!-- Generated by org.testng.reporters.JUnitReportReporter -->
<testsuite skipped="0" hostname="ssreemani" name="com.training.sanity.tests.ELTC_008_coursedescription" tests="1" failures="0" timestamp="05 Jul 2019 10:32:50 GMT" time="26.599" errors="0">
  <testcase name="addcoursedescription" time="26.599" classname="com.training.sanity.tests.ELTC_008_coursedescription"/>
</testsuite> <!-- com.training.sanity.tests.ELTC_008_coursedescription -->
