<?xml version="1.0" encoding="UTF-8"?>
<!-- Generated by org.testng.reporters.JUnitReportReporter -->
<testsuite skipped="0" hostname="ssreemani" name="com.training.sanity.tests.ELTC_009_unsubscribe" tests="1" failures="0" timestamp="05 Jul 2019 10:32:50 GMT" time="23.444" errors="0">
  <testcase name="Unsubscribe" time="23.444" classname="com.training.sanity.tests.ELTC_009_unsubscribe"/>
</testsuite> <!-- com.training.sanity.tests.ELTC_009_unsubscribe -->
