<?xml version="1.0" encoding="UTF-8"?>
<!-- Generated by org.testng.reporters.JUnitReportReporter -->
<testsuite skipped="0" hostname="ssreemani" name="com.training.sanity.tests.ELTC_010_listofcourse" tests="1" failures="0" timestamp="05 Jul 2019 10:32:50 GMT" time="16.523" errors="0">
  <testcase name="ListofCourse" time="16.523" classname="com.training.sanity.tests.ELTC_010_listofcourse"/>
</testsuite> <!-- com.training.sanity.tests.ELTC_010_listofcourse -->
