<?xml version="1.0" encoding="UTF-8"?>
<!-- Generated by org.testng.reporters.JUnitReportReporter -->
<testsuite skipped="0" hostname="ssreemani" name="com.training.sanity.tests.ELTC_038_CreateGroup" tests="1" failures="0" timestamp="05 Jul 2019 10:32:50 GMT" time="37.878" errors="0">
  <testcase name="Create_Group" time="37.878" classname="com.training.sanity.tests.ELTC_038_CreateGroup"/>
</testsuite> <!-- com.training.sanity.tests.ELTC_038_CreateGroup -->
